Using pre-set license
Built from '2020.3/staging' branch; Version is '2020.3.4f1 (0abb6314276a) revision 703331'; Using compiler version '192528614'; Build Type 'Release'
OS: 'Windows 10 Pro; OS build 18363.1500; Version 1909; 64bit' Language: 'ko' Physical Memory: 16307 MB
BatchMode: 1, IsHumanControllingUs: 0, StartBugReporterOnCrash: 0, Is64bit: 1, IsPro: 0

 COMMAND LINE ARGUMENTS:
C:\Program Files\Unity\Hub\Editor\2020.3.4f1\Editor\Unity.exe
-adb2
-batchMode
-noUpm
-name
AssetImportWorker0
-projectPath
C:/Users/user/Desktop/unityGit/Match 3 Game Starter
-logFile
Logs/AssetImportWorker0.log
-srvPort
59046
Successfully changed project path to: C:/Users/user/Desktop/unityGit/Match 3 Game Starter
C:/Users/user/Desktop/unityGit/Match 3 Game Starter
Using Asset Import Pipeline V2.
Refreshing native plugins compatible for Editor in 20.35 ms, found 0 plugins.
Preloading 0 native plugins for Editor in 0.00 ms.
Initialize engine version: 2020.3.4f1 (0abb6314276a)
[Subsystems] Discovering subsystems at path C:/Program Files/Unity/Hub/Editor/2020.3.4f1/Editor/Data/Resources/UnitySubsystems
[Subsystems] Discovering subsystems at path C:/Users/user/Desktop/unityGit/Match 3 Game Starter/Assets
GfxDevice: creating device client; threaded=0
Direct3D:
    Version:  Direct3D 11.0 [level 11.1]
    Renderer: NVIDIA GeForce GTX 1650 SUPER (ID=0x2187)
    Vendor:   
    VRAM:     3955 MB
    Driver:   27.21.14.5671
Initialize mono
Mono path[0] = 'C:/Program Files/Unity/Hub/Editor/2020.3.4f1/Editor/Data/Managed'
Mono path[1] = 'C:/Program Files/Unity/Hub/Editor/2020.3.4f1/Editor/Data/MonoBleedingEdge/lib/mono/unityjit'
Mono config path = 'C:/Program Files/Unity/Hub/Editor/2020.3.4f1/Editor/Data/MonoBleedingEdge/etc'
Using monoOptions --debugger-agent=transport=dt_socket,embedding=1,server=y,suspend=n,address=127.0.0.1:56104
Begin MonoManager ReloadAssembly
Registering precompiled unity dll's ...
Register platform support module: C:/Program Files/Unity/Hub/Editor/2020.3.4f1/Editor/Data/PlaybackEngines/WindowsStandaloneSupport/UnityEditor.WindowsStandalone.Extensions.dll
Registered in 0.001317 seconds.
Native extension for WindowsStandalone target not found
Refreshing native plugins compatible for Editor in 21.38 ms, found 0 plugins.
Preloading 0 native plugins for Editor in 0.00 ms.
Mono: successfully reloaded assembly
- Completed reload, in  0.891 seconds
Platform modules already initialized, skipping
Registering precompiled user dll's ...
Registered in 0.000527 seconds.
Begin MonoManager ReloadAssembly
Native extension for WindowsStandalone target not found
Refreshing native plugins compatible for Editor in 0.20 ms, found 0 plugins.
Preloading 0 native plugins for Editor in 0.00 ms.
Mono: successfully reloaded assembly
- Completed reload, in  0.723 seconds
Platform modules already initialized, skipping
========================================================================
Worker process is ready to serve import requests
Launched and connected shader compiler UnityShaderCompiler.exe after 0.03 seconds
Refreshing native plugins compatible for Editor in 0.20 ms, found 0 plugins.
Preloading 0 native plugins for Editor in 0.00 ms.
Unloading 1121 Unused Serialized files (Serialized files now loaded: 0)
System memory in use before: 57.2 MB.
System memory in use after: 57.3 MB.

Unloading 9 unused Assets to reduce memory usage. Loaded Objects now: 1563.
Total: 1.878200 ms (FindLiveObjects: 0.151200 ms CreateObjectMapping: 0.052600 ms MarkObjects: 1.606600 ms  DeleteObjects: 0.066700 ms)

========================================================================
Received Import Request.
  path: Assets/Match 3 Starter/Scenes/Game.unity
  artifactKey: Guid(13c4b9a25e714484db0951847e444521) Importer(815301076,1909f56bfc062723c751e8b465ee728b)
Start importing Assets/Match 3 Starter/Scenes/Game.unity using Guid(13c4b9a25e714484db0951847e444521) Importer(815301076,1909f56bfc062723c751e8b465ee728b)  -> (artifact id: '21910aa9ac9035b429e5a5a38fe60f88') in 0.012786 seconds
  Import took 0.014406 seconds .

========================================================================
Received Import Request.
  Time since last request: 1.122988 seconds.
  path: Assets/Match 3 Starter/Scenes/Menu.unity
  artifactKey: Guid(808e4492450f3f84c859e099524ef107) Importer(815301076,1909f56bfc062723c751e8b465ee728b)
Start importing Assets/Match 3 Starter/Scenes/Menu.unity using Guid(808e4492450f3f84c859e099524ef107) Importer(815301076,1909f56bfc062723c751e8b465ee728b)  -> (artifact id: 'c3fb5113e4b31613c7101f90c6088b4a') in 0.005170 seconds
  Import took 0.006833 seconds .

========================================================================
Received Prepare
Registering precompiled user dll's ...
Registered in 0.000478 seconds.
Begin MonoManager ReloadAssembly
Native extension for WindowsStandalone target not found
Refreshing native plugins compatible for Editor in 0.20 ms, found 0 plugins.
Preloading 0 native plugins for Editor in 0.00 ms.
Mono: successfully reloaded assembly
- Completed reload, in  0.694 seconds
Platform modules already initialized, skipping
Refreshing native plugins compatible for Editor in 0.25 ms, found 0 plugins.
Preloading 0 native plugins for Editor in 0.00 ms.
Unloading 1115 Unused Serialized files (Serialized files now loaded: 0)
System memory in use before: 56.9 MB.
System memory in use after: 57.0 MB.

Unloading 4 unused Assets to reduce memory usage. Loaded Objects now: 1566.
Total: 1.341600 ms (FindLiveObjects: 0.124800 ms CreateObjectMapping: 0.030400 ms MarkObjects: 1.175800 ms  DeleteObjects: 0.009900 ms)

========================================================================
Received Prepare
Registering precompiled user dll's ...
Registered in 0.000478 seconds.
Begin MonoManager ReloadAssembly
Native extension for WindowsStandalone target not found
Refreshing native plugins compatible for Editor in 0.33 ms, found 0 plugins.
Preloading 0 native plugins for Editor in 0.00 ms.
Mono: successfully reloaded assembly
- Completed reload, in  0.744 seconds
Platform modules already initialized, skipping
Refreshing native plugins compatible for Editor in 0.19 ms, found 0 plugins.
Preloading 0 native plugins for Editor in 0.00 ms.
Unloading 1115 Unused Serialized files (Serialized files now loaded: 0)
System memory in use before: 57.0 MB.
System memory in use after: 57.1 MB.

Unloading 4 unused Assets to reduce memory usage. Loaded Objects now: 1569.
Total: 1.534600 ms (FindLiveObjects: 0.133200 ms CreateObjectMapping: 0.031100 ms MarkObjects: 1.354800 ms  DeleteObjects: 0.014500 ms)

========================================================================
Received Import Request.
  Time since last request: 6782.243988 seconds.
  path: Assets/Match 3 Starter/Scripts/Board and Grid
  artifactKey: Guid(144ab85473252b4498c7e8142a5c0615) Importer(815301076,1909f56bfc062723c751e8b465ee728b)
Start importing Assets/Match 3 Starter/Scripts/Board and Grid using Guid(144ab85473252b4498c7e8142a5c0615) Importer(815301076,1909f56bfc062723c751e8b465ee728b)  -> (artifact id: '46329e37d709976296b916553ce28ca3') in 0.011481 seconds
  Import took 0.014301 seconds .

========================================================================
Received Import Request.
  Time since last request: 0.902255 seconds.
  path: Assets/Match 3 Starter/Scripts/Board and Grid/BoardManager.cs
  artifactKey: Guid(a3e5bbfb8c13d8f479f8d00fcbc7884e) Importer(815301076,1909f56bfc062723c751e8b465ee728b)
Start importing Assets/Match 3 Starter/Scripts/Board and Grid/BoardManager.cs using Guid(a3e5bbfb8c13d8f479f8d00fcbc7884e) Importer(815301076,1909f56bfc062723c751e8b465ee728b)  -> (artifact id: '91ef45ac6e7980f28ba83382cbe3c849') in 0.024466 seconds
  Import took 0.026379 seconds .

========================================================================
Received Import Request.
  Time since last request: 0.014649 seconds.
  path: Assets/Match 3 Starter/Scripts/Board and Grid/BoardManager.cs
  artifactKey: Guid(a3e5bbfb8c13d8f479f8d00fcbc7884e) Importer(815301076,1909f56bfc062723c751e8b465ee728b)
Start importing Assets/Match 3 Starter/Scripts/Board and Grid/BoardManager.cs using Guid(a3e5bbfb8c13d8f479f8d00fcbc7884e) Importer(815301076,1909f56bfc062723c751e8b465ee728b)  -> (artifact id: '91ef45ac6e7980f28ba83382cbe3c849') in 0.001833 seconds
  Import took 0.003599 seconds .

========================================================================
Received Prepare
Registering precompiled user dll's ...
Registered in 0.000540 seconds.
Begin MonoManager ReloadAssembly
Native extension for WindowsStandalone target not found
Refreshing native plugins compatible for Editor in 0.20 ms, found 0 plugins.
Preloading 0 native plugins for Editor in 0.00 ms.
Mono: successfully reloaded assembly
- Completed reload, in  0.757 seconds
Platform modules already initialized, skipping
Refreshing native plugins compatible for Editor in 0.19 ms, found 0 plugins.
Preloading 0 native plugins for Editor in 0.00 ms.
Unloading 1115 Unused Serialized files (Serialized files now loaded: 0)
System memory in use before: 57.0 MB.
System memory in use after: 57.1 MB.

Unloading 4 unused Assets to reduce memory usage. Loaded Objects now: 1572.
Total: 1.491200 ms (FindLiveObjects: 0.158500 ms CreateObjectMapping: 0.038100 ms MarkObjects: 1.280500 ms  DeleteObjects: 0.013200 ms)

========================================================================
Received Import Request.
  Time since last request: 64.033884 seconds.
  path: Assets/Match 3 Starter/Scripts/Board and Grid/BoardManager.cs
  artifactKey: Guid(a3e5bbfb8c13d8f479f8d00fcbc7884e) Importer(815301076,1909f56bfc062723c751e8b465ee728b)
Start importing Assets/Match 3 Starter/Scripts/Board and Grid/BoardManager.cs using Guid(a3e5bbfb8c13d8f479f8d00fcbc7884e) Importer(815301076,1909f56bfc062723c751e8b465ee728b)  -> (artifact id: '7e766b157e5695d0a04d8146bc060538') in 0.003671 seconds
  Import took 0.005325 seconds .

========================================================================
Received Import Request.
  Time since last request: 2507.088347 seconds.
  path: Assets/Match 3 Starter/Sprites/Characters/characters_0003.png
  artifactKey: Guid(2ee3c05b5ca27554992a945764c99837) Importer(815301076,1909f56bfc062723c751e8b465ee728b)
Start importing Assets/Match 3 Starter/Sprites/Characters/characters_0003.png using Guid(2ee3c05b5ca27554992a945764c99837) Importer(815301076,1909f56bfc062723c751e8b465ee728b)  -> (artifact id: 'c6d381e1f623b0a1de904b8ab2d0d6ed') in 0.136038 seconds
  Import took 0.138272 seconds .

========================================================================
Received Import Request.
  Time since last request: 0.839974 seconds.
  path: Assets/Match 3 Starter/Sprites/Characters/characters_0005.png
  artifactKey: Guid(e3169e90983853d4d9d73233512118e2) Importer(815301076,1909f56bfc062723c751e8b465ee728b)
Start importing Assets/Match 3 Starter/Sprites/Characters/characters_0005.png using Guid(e3169e90983853d4d9d73233512118e2) Importer(815301076,1909f56bfc062723c751e8b465ee728b)  -> (artifact id: '2558f8850aec2e695227438fb266c616') in 0.016318 seconds
  Import took 0.018597 seconds .

========================================================================
Received Import Request.
  Time since last request: 6.104351 seconds.
  path: Assets/Match 3 Starter/Sprites/Characters/characters_0007.png
  artifactKey: Guid(6e84ec6047673d440aa377e4980bfea8) Importer(815301076,1909f56bfc062723c751e8b465ee728b)
Start importing Assets/Match 3 Starter/Sprites/Characters/characters_0007.png using Guid(6e84ec6047673d440aa377e4980bfea8) Importer(815301076,1909f56bfc062723c751e8b465ee728b)  -> (artifact id: '33e50cbe73f33c35efff2be8577007cf') in 0.018697 seconds
  Import took 0.021056 seconds .

========================================================================
Received Prepare
Registering precompiled user dll's ...
Registered in 0.000500 seconds.
Begin MonoManager ReloadAssembly
Native extension for WindowsStandalone target not found
Refreshing native plugins compatible for Editor in 0.20 ms, found 0 plugins.
Preloading 0 native plugins for Editor in 0.00 ms.
Mono: successfully reloaded assembly
- Completed reload, in  0.674 seconds
Platform modules already initialized, skipping
Refreshing native plugins compatible for Editor in 0.35 ms, found 0 plugins.
Preloading 0 native plugins for Editor in 0.00 ms.
Unloading 1115 Unused Serialized files (Serialized files now loaded: 0)
System memory in use before: 60.1 MB.
System memory in use after: 60.2 MB.

Unloading 4 unused Assets to reduce memory usage. Loaded Objects now: 1581.
Total: 1.397300 ms (FindLiveObjects: 0.137900 ms CreateObjectMapping: 0.036400 ms MarkObjects: 1.206600 ms  DeleteObjects: 0.015500 ms)

========================================================================
Received Prepare
Registering precompiled user dll's ...
Registered in 0.000528 seconds.
Begin MonoManager ReloadAssembly
Native extension for WindowsStandalone target not found
Refreshing native plugins compatible for Editor in 0.30 ms, found 0 plugins.
Preloading 0 native plugins for Editor in 0.00 ms.
Mono: successfully reloaded assembly
- Completed reload, in  0.685 seconds
Platform modules already initialized, skipping
Refreshing native plugins compatible for Editor in 0.15 ms, found 0 plugins.
Preloading 0 native plugins for Editor in 0.00 ms.
Unloading 1115 Unused Serialized files (Serialized files now loaded: 0)
System memory in use before: 60.1 MB.
System memory in use after: 60.2 MB.

Unloading 4 unused Assets to reduce memory usage. Loaded Objects now: 1584.
Total: 1.617800 ms (FindLiveObjects: 0.188500 ms CreateObjectMapping: 0.056100 ms MarkObjects: 1.361800 ms  DeleteObjects: 0.010400 ms)

========================================================================
Received Prepare
Registering precompiled user dll's ...
Registered in 0.000509 seconds.
Begin MonoManager ReloadAssembly
Native extension for WindowsStandalone target not found
Refreshing native plugins compatible for Editor in 0.20 ms, found 0 plugins.
Preloading 0 native plugins for Editor in 0.00 ms.
Mono: successfully reloaded assembly
- Completed reload, in  0.676 seconds
Platform modules already initialized, skipping
Refreshing native plugins compatible for Editor in 0.18 ms, found 0 plugins.
Preloading 0 native plugins for Editor in 0.00 ms.
Unloading 1115 Unused Serialized files (Serialized files now loaded: 0)
System memory in use before: 60.1 MB.
System memory in use after: 60.2 MB.

Unloading 4 unused Assets to reduce memory usage. Loaded Objects now: 1587.
Total: 1.400300 ms (FindLiveObjects: 0.129900 ms CreateObjectMapping: 0.037700 ms MarkObjects: 1.221300 ms  DeleteObjects: 0.010800 ms)

========================================================================
Received Prepare
Registering precompiled user dll's ...
Registered in 0.000539 seconds.
Begin MonoManager ReloadAssembly
Native extension for WindowsStandalone target not found
Refreshing native plugins compatible for Editor in 0.20 ms, found 0 plugins.
Preloading 0 native plugins for Editor in 0.00 ms.
Mono: successfully reloaded assembly
- Completed reload, in  0.669 seconds
Platform modules already initialized, skipping
Refreshing native plugins compatible for Editor in 0.24 ms, found 0 plugins.
Preloading 0 native plugins for Editor in 0.00 ms.
Unloading 1115 Unused Serialized files (Serialized files now loaded: 0)
System memory in use before: 60.1 MB.
System memory in use after: 60.2 MB.

Unloading 4 unused Assets to reduce memory usage. Loaded Objects now: 1590.
Total: 1.438100 ms (FindLiveObjects: 0.142100 ms CreateObjectMapping: 0.040000 ms MarkObjects: 1.242600 ms  DeleteObjects: 0.012300 ms)

========================================================================
Received Import Request.
  Time since last request: 292.507009 seconds.
  path: Assets/Match 3 Starter/Prefabs/Tile.prefab
  artifactKey: Guid(6417c2a8214b7ab45b35ac5e9e62c2cb) Importer(815301076,1909f56bfc062723c751e8b465ee728b)
Start importing Assets/Match 3 Starter/Prefabs/Tile.prefab using Guid(6417c2a8214b7ab45b35ac5e9e62c2cb) Importer(815301076,1909f56bfc062723c751e8b465ee728b)  -> (artifact id: 'c49ee655b88ab02dd903590cc52098a9') in 0.055530 seconds
  Import took 0.057428 seconds .

========================================================================
Received Import Request.
  Time since last request: 0.004157 seconds.
  path: Assets/Match 3 Starter/Prefabs/Tile.prefab
  artifactKey: Guid(6417c2a8214b7ab45b35ac5e9e62c2cb) Importer(815301076,1909f56bfc062723c751e8b465ee728b)
Start importing Assets/Match 3 Starter/Prefabs/Tile.prefab using Guid(6417c2a8214b7ab45b35ac5e9e62c2cb) Importer(815301076,1909f56bfc062723c751e8b465ee728b)  -> (artifact id: 'c49ee655b88ab02dd903590cc52098a9') in 0.008282 seconds
  Import took 0.010171 seconds .

========================================================================
Received Prepare
Registering precompiled user dll's ...
Registered in 0.000489 seconds.
Begin MonoManager ReloadAssembly
Native extension for WindowsStandalone target not found
Refreshing native plugins compatible for Editor in 0.20 ms, found 0 plugins.
Preloading 0 native plugins for Editor in 0.00 ms.
Mono: successfully reloaded assembly
- Completed reload, in  0.735 seconds
Platform modules already initialized, skipping
Refreshing native plugins compatible for Editor in 0.17 ms, found 0 plugins.
Preloading 0 native plugins for Editor in 0.00 ms.
Unloading 1115 Unused Serialized files (Serialized files now loaded: 0)
System memory in use before: 60.2 MB.
System memory in use after: 60.3 MB.

Unloading 4 unused Assets to reduce memory usage. Loaded Objects now: 1597.
Total: 1.381500 ms (FindLiveObjects: 0.116400 ms CreateObjectMapping: 0.036600 ms MarkObjects: 1.204300 ms  DeleteObjects: 0.023500 ms)

========================================================================
Received Prepare
Registering precompiled user dll's ...
Registered in 0.000480 seconds.
Begin MonoManager ReloadAssembly
Native extension for WindowsStandalone target not found
Refreshing native plugins compatible for Editor in 0.19 ms, found 0 plugins.
Preloading 0 native plugins for Editor in 0.00 ms.
Mono: successfully reloaded assembly
- Completed reload, in  0.708 seconds
Platform modules already initialized, skipping
Refreshing native plugins compatible for Editor in 0.27 ms, found 0 plugins.
Preloading 0 native plugins for Editor in 0.00 ms.
Unloading 1115 Unused Serialized files (Serialized files now loaded: 0)
System memory in use before: 60.2 MB.
System memory in use after: 60.3 MB.

Unloading 4 unused Assets to reduce memory usage. Loaded Objects now: 1600.
Total: 1.368600 ms (FindLiveObjects: 0.137000 ms CreateObjectMapping: 0.032600 ms MarkObjects: 1.185900 ms  DeleteObjects: 0.012000 ms)

========================================================================
Received Prepare
Registering precompiled user dll's ...
Registered in 0.000548 seconds.
Begin MonoManager ReloadAssembly
Native extension for WindowsStandalone target not found
Refreshing native plugins compatible for Editor in 0.20 ms, found 0 plugins.
Preloading 0 native plugins for Editor in 0.00 ms.
Mono: successfully reloaded assembly
- Completed reload, in  0.680 seconds
Platform modules already initialized, skipping
Refreshing native plugins compatible for Editor in 0.19 ms, found 0 plugins.
Preloading 0 native plugins for Editor in 0.00 ms.
Unloading 1115 Unused Serialized files (Serialized files now loaded: 0)
System memory in use before: 60.2 MB.
System memory in use after: 60.3 MB.

Unloading 4 unused Assets to reduce memory usage. Loaded Objects now: 1603.
Total: 1.377400 ms (FindLiveObjects: 0.156700 ms CreateObjectMapping: 0.045700 ms MarkObjects: 1.162700 ms  DeleteObjects: 0.011000 ms)

========================================================================
Received Prepare
Registering precompiled user dll's ...
Registered in 0.000593 seconds.
Begin MonoManager ReloadAssembly
Native extension for WindowsStandalone target not found
Refreshing native plugins compatible for Editor in 0.21 ms, found 0 plugins.
Preloading 0 native plugins for Editor in 0.00 ms.
Mono: successfully reloaded assembly
- Completed reload, in  0.751 seconds
Platform modules already initialized, skipping
Refreshing native plugins compatible for Editor in 0.22 ms, found 0 plugins.
Preloading 0 native plugins for Editor in 0.00 ms.
Unloading 1115 Unused Serialized files (Serialized files now loaded: 0)
System memory in use before: 60.2 MB.
System memory in use after: 60.3 MB.

Unloading 4 unused Assets to reduce memory usage. Loaded Objects now: 1606.
Total: 1.495900 ms (FindLiveObjects: 0.173400 ms CreateObjectMapping: 0.037900 ms MarkObjects: 1.271900 ms  DeleteObjects: 0.011700 ms)

========================================================================
Received Import Request.
  Time since last request: 2722.659010 seconds.
  path: Assets/Match 3 Starter/Scripts/Managers
  artifactKey: Guid(bf58eb155fd155240b080fc6b6edfb2b) Importer(815301076,1909f56bfc062723c751e8b465ee728b)
Start importing Assets/Match 3 Starter/Scripts/Managers using Guid(bf58eb155fd155240b080fc6b6edfb2b) Importer(815301076,1909f56bfc062723c751e8b465ee728b)  -> (artifact id: '2b026ad1999bebe532a8c8679bd46caf') in 0.010695 seconds
  Import took 0.013218 seconds .

========================================================================
Received Import Request.
  Time since last request: 0.000809 seconds.
  path: Assets/Match 3 Starter/Scripts/Managers
  artifactKey: Guid(bf58eb155fd155240b080fc6b6edfb2b) Importer(815301076,1909f56bfc062723c751e8b465ee728b)
Start importing Assets/Match 3 Starter/Scripts/Managers using Guid(bf58eb155fd155240b080fc6b6edfb2b) Importer(815301076,1909f56bfc062723c751e8b465ee728b)  -> (artifact id: '2b026ad1999bebe532a8c8679bd46caf') in 0.001885 seconds
  Import took 0.003677 seconds .

========================================================================
Received Import Request.
  Time since last request: 4.199789 seconds.
  path: Assets/Match 3 Starter/Scripts/Board and Grid/Tile.cs
  artifactKey: Guid(f86f53e3a0b4ac048b452577bcabc93a) Importer(815301076,1909f56bfc062723c751e8b465ee728b)
Start importing Assets/Match 3 Starter/Scripts/Board and Grid/Tile.cs using Guid(f86f53e3a0b4ac048b452577bcabc93a) Importer(815301076,1909f56bfc062723c751e8b465ee728b)  -> (artifact id: '2b9d07e4f6e387bb262f19906ff62e85') in 0.001765 seconds
  Import took 0.003655 seconds .

========================================================================
Received Import Request.
  Time since last request: 0.004297 seconds.
  path: Assets/Match 3 Starter/Scripts/Board and Grid/Tile.cs
  artifactKey: Guid(f86f53e3a0b4ac048b452577bcabc93a) Importer(815301076,1909f56bfc062723c751e8b465ee728b)
Start importing Assets/Match 3 Starter/Scripts/Board and Grid/Tile.cs using Guid(f86f53e3a0b4ac048b452577bcabc93a) Importer(815301076,1909f56bfc062723c751e8b465ee728b)  -> (artifact id: '2b9d07e4f6e387bb262f19906ff62e85') in 0.001739 seconds
  Import took 0.003561 seconds .

========================================================================
Received Prepare
Registering precompiled user dll's ...
Registered in 0.000541 seconds.
Begin MonoManager ReloadAssembly
Native extension for WindowsStandalone target not found
Refreshing native plugins compatible for Editor in 0.21 ms, found 0 plugins.
Preloading 0 native plugins for Editor in 0.00 ms.
Mono: successfully reloaded assembly
- Completed reload, in  0.780 seconds
Platform modules already initialized, skipping
Refreshing native plugins compatible for Editor in 0.20 ms, found 0 plugins.
Preloading 0 native plugins for Editor in 0.00 ms.
Unloading 1115 Unused Serialized files (Serialized files now loaded: 0)
System memory in use before: 60.2 MB.
System memory in use after: 60.3 MB.

Unloading 4 unused Assets to reduce memory usage. Loaded Objects now: 1609.
Total: 1.409600 ms (FindLiveObjects: 0.140700 ms CreateObjectMapping: 0.038000 ms MarkObjects: 1.218300 ms  DeleteObjects: 0.011800 ms)

========================================================================
Received Import Request.
  Time since last request: 377.536307 seconds.
  path: Assets/Match 3 Starter/Scripts/Board and Grid/Tile.cs
  artifactKey: Guid(f86f53e3a0b4ac048b452577bcabc93a) Importer(815301076,1909f56bfc062723c751e8b465ee728b)
Start importing Assets/Match 3 Starter/Scripts/Board and Grid/Tile.cs using Guid(f86f53e3a0b4ac048b452577bcabc93a) Importer(815301076,1909f56bfc062723c751e8b465ee728b)  -> (artifact id: '117ce5b8004fcc3a9782a12d46632a94') in 0.003509 seconds
  Import took 0.005452 seconds .

========================================================================
Received Import Request.
  Time since last request: 1.270903 seconds.
  path: Assets/Match 3 Starter/Scripts/Board and Grid/Tile.cs
  artifactKey: Guid(f86f53e3a0b4ac048b452577bcabc93a) Importer(815301076,1909f56bfc062723c751e8b465ee728b)
Start importing Assets/Match 3 Starter/Scripts/Board and Grid/Tile.cs using Guid(f86f53e3a0b4ac048b452577bcabc93a) Importer(815301076,1909f56bfc062723c751e8b465ee728b)  -> (artifact id: '117ce5b8004fcc3a9782a12d46632a94') in 0.001576 seconds
  Import took 0.003546 seconds .

========================================================================
Received Prepare
Registering precompiled user dll's ...
Registered in 0.000597 seconds.
Begin MonoManager ReloadAssembly
Native extension for WindowsStandalone target not found
Refreshing native plugins compatible for Editor in 0.23 ms, found 0 plugins.
Preloading 0 native plugins for Editor in 0.00 ms.
Mono: successfully reloaded assembly
- Completed reload, in  0.764 seconds
Platform modules already initialized, skipping
Refreshing native plugins compatible for Editor in 0.20 ms, found 0 plugins.
Preloading 0 native plugins for Editor in 0.00 ms.
Unloading 1115 Unused Serialized files (Serialized files now loaded: 0)
System memory in use before: 60.2 MB.
System memory in use after: 60.3 MB.

Unloading 4 unused Assets to reduce memory usage. Loaded Objects now: 1612.
Total: 1.677200 ms (FindLiveObjects: 0.249200 ms CreateObjectMapping: 0.069200 ms MarkObjects: 1.343500 ms  DeleteObjects: 0.014500 ms)

========================================================================
Received Prepare
Registering precompiled user dll's ...
Registered in 0.000460 seconds.
Begin MonoManager ReloadAssembly
Native extension for WindowsStandalone target not found
Refreshing native plugins compatible for Editor in 0.20 ms, found 0 plugins.
Preloading 0 native plugins for Editor in 0.00 ms.
Mono: successfully reloaded assembly
- Completed reload, in  0.745 seconds
Platform modules already initialized, skipping
Refreshing native plugins compatible for Editor in 0.16 ms, found 0 plugins.
Preloading 0 native plugins for Editor in 0.00 ms.
Unloading 1115 Unused Serialized files (Serialized files now loaded: 0)
System memory in use before: 60.2 MB.
System memory in use after: 60.3 MB.

Unloading 4 unused Assets to reduce memory usage. Loaded Objects now: 1615.
Total: 1.411500 ms (FindLiveObjects: 0.133600 ms CreateObjectMapping: 0.035100 ms MarkObjects: 1.231600 ms  DeleteObjects: 0.010600 ms)

========================================================================
Received Import Request.
  Time since last request: 417.398514 seconds.
  path: Assets/Match 3 Starter/Scripts/Board and Grid/Tile.cs
  artifactKey: Guid(f86f53e3a0b4ac048b452577bcabc93a) Importer(815301076,1909f56bfc062723c751e8b465ee728b)
Start importing Assets/Match 3 Starter/Scripts/Board and Grid/Tile.cs using Guid(f86f53e3a0b4ac048b452577bcabc93a) Importer(815301076,1909f56bfc062723c751e8b465ee728b)  -> (artifact id: 'ef35ba40a5eebd753b9b602244cfdbd9') in 0.004218 seconds
  Import took 0.006403 seconds .

========================================================================
Received Prepare
Registering precompiled user dll's ...
Registered in 0.000513 seconds.
Begin MonoManager ReloadAssembly
Native extension for WindowsStandalone target not found
Refreshing native plugins compatible for Editor in 0.26 ms, found 0 plugins.
Preloading 0 native plugins for Editor in 0.00 ms.
Mono: successfully reloaded assembly
- Completed reload, in  0.696 seconds
Platform modules already initialized, skipping
Refreshing native plugins compatible for Editor in 0.20 ms, found 0 plugins.
Preloading 0 native plugins for Editor in 0.00 ms.
Unloading 1115 Unused Serialized files (Serialized files now loaded: 0)
System memory in use before: 60.2 MB.
System memory in use after: 60.3 MB.

Unloading 4 unused Assets to reduce memory usage. Loaded Objects now: 1618.
Total: 1.549500 ms (FindLiveObjects: 0.133900 ms CreateObjectMapping: 0.032000 ms MarkObjects: 1.373400 ms  DeleteObjects: 0.009700 ms)

========================================================================
Received Import Request.
  Time since last request: 2156.398075 seconds.
  path: Assets/Match 3 Starter/Scripts/Board and Grid/Tile.cs
  artifactKey: Guid(f86f53e3a0b4ac048b452577bcabc93a) Importer(815301076,1909f56bfc062723c751e8b465ee728b)
Start importing Assets/Match 3 Starter/Scripts/Board and Grid/Tile.cs using Guid(f86f53e3a0b4ac048b452577bcabc93a) Importer(815301076,1909f56bfc062723c751e8b465ee728b)  -> (artifact id: '74a5205bbb98485d339de8216951a2d7') in 0.003212 seconds
  Import took 0.004826 seconds .

========================================================================
Received Prepare
Registering precompiled user dll's ...
Registered in 0.000568 seconds.
Begin MonoManager ReloadAssembly
Native extension for WindowsStandalone target not found
Refreshing native plugins compatible for Editor in 0.21 ms, found 0 plugins.
Preloading 0 native plugins for Editor in 0.00 ms.
Mono: successfully reloaded assembly
- Completed reload, in  0.791 seconds
Platform modules already initialized, skipping
Refreshing native plugins compatible for Editor in 0.21 ms, found 0 plugins.
Preloading 0 native plugins for Editor in 0.00 ms.
Unloading 1115 Unused Serialized files (Serialized files now loaded: 0)
System memory in use before: 60.2 MB.
System memory in use after: 60.3 MB.

Unloading 4 unused Assets to reduce memory usage. Loaded Objects now: 1621.
Total: 1.568500 ms (FindLiveObjects: 0.174300 ms CreateObjectMapping: 0.049300 ms MarkObjects: 1.330800 ms  DeleteObjects: 0.013400 ms)

========================================================================
Received Import Request.
  Time since last request: 127.605537 seconds.
  path: Assets/Match 3 Starter/Scripts/Board and Grid/Tile.cs
  artifactKey: Guid(f86f53e3a0b4ac048b452577bcabc93a) Importer(815301076,1909f56bfc062723c751e8b465ee728b)
Start importing Assets/Match 3 Starter/Scripts/Board and Grid/Tile.cs using Guid(f86f53e3a0b4ac048b452577bcabc93a) Importer(815301076,1909f56bfc062723c751e8b465ee728b)  -> (artifact id: '218b0a175039da73eec9491df7d53ee8') in 0.003863 seconds
  Import took 0.005737 seconds .

========================================================================
Received Prepare
Registering precompiled user dll's ...
Registered in 0.000447 seconds.
Begin MonoManager ReloadAssembly
Native extension for WindowsStandalone target not found
Refreshing native plugins compatible for Editor in 0.20 ms, found 0 plugins.
Preloading 0 native plugins for Editor in 0.00 ms.
Mono: successfully reloaded assembly
- Completed reload, in  0.680 seconds
Platform modules already initialized, skipping
Refreshing native plugins compatible for Editor in 0.28 ms, found 0 plugins.
Preloading 0 native plugins for Editor in 0.00 ms.
Unloading 1115 Unused Serialized files (Serialized files now loaded: 0)
System memory in use before: 60.2 MB.
System memory in use after: 60.3 MB.

Unloading 4 unused Assets to reduce memory usage. Loaded Objects now: 1624.
Total: 1.921000 ms (FindLiveObjects: 0.215400 ms CreateObjectMapping: 0.053000 ms MarkObjects: 1.637400 ms  DeleteObjects: 0.014000 ms)

========================================================================
Received Prepare
Registering precompiled user dll's ...
Registered in 0.000525 seconds.
Begin MonoManager ReloadAssembly
Native extension for WindowsStandalone target not found
Refreshing native plugins compatible for Editor in 0.21 ms, found 0 plugins.
Preloading 0 native plugins for Editor in 0.00 ms.
Mono: successfully reloaded assembly
- Completed reload, in  0.713 seconds
Platform modules already initialized, skipping
Refreshing native plugins compatible for Editor in 0.19 ms, found 0 plugins.
Preloading 0 native plugins for Editor in 0.00 ms.
Unloading 1115 Unused Serialized files (Serialized files now loaded: 0)
System memory in use before: 60.2 MB.
System memory in use after: 60.3 MB.

Unloading 4 unused Assets to reduce memory usage. Loaded Objects now: 1627.
Total: 1.359600 ms (FindLiveObjects: 0.136200 ms CreateObjectMapping: 0.031900 ms MarkObjects: 1.179000 ms  DeleteObjects: 0.011000 ms)

========================================================================
Received Import Request.
  Time since last request: 3753.893903 seconds.
  path: Assets/Match 3 Starter/Scripts/Board and Grid/Tile.cs
  artifactKey: Guid(f86f53e3a0b4ac048b452577bcabc93a) Importer(815301076,1909f56bfc062723c751e8b465ee728b)
Start importing Assets/Match 3 Starter/Scripts/Board and Grid/Tile.cs using Guid(f86f53e3a0b4ac048b452577bcabc93a) Importer(815301076,1909f56bfc062723c751e8b465ee728b)  -> (artifact id: '4420aa6a77467cb5b773cab2101693f0') in 0.003412 seconds
  Import took 0.005119 seconds .

AssetImportWorkerClient::OnTransportError - code=2 error=End of file
